*** Using Compiler 'V6.18', folder: 'D:\software\Keil_v5\ARM\ARMCLANG\Bin'
Rebuild target 'GNVEDA_TERMINAL'
compiling gpio.c...
compiling stm32f1xx_it.c...
assembling startup_stm32f103xb.s...
compiling main.c...
compiling tim.c...
compiling stm32f1xx_hal_gpio_ex.c...
compiling stm32f1xx_hal_rcc_ex.c...
compiling dma.c...
compiling stm32f1xx_hal_msp.c...
compiling stm32f1xx_hal_timebase_tim.c...
compiling usart.c...
compiling stm32f1xx_hal.c...
compiling stm32f1xx_hal_gpio.c...
compiling stm32f1xx_hal_dma.c...
compiling stm32f1xx_hal_rcc.c...
compiling stm32f1xx_hal_cortex.c...
compiling stm32f1xx_hal_pwr.c...
compiling stm32f1xx_hal_exti.c...
compiling stm32f1xx_hal_flash.c...
compiling stm32f1xx_hal_flash_ex.c...
compiling system_stm32f1xx.c...
compiling clock.c...
compiling components.c...
compiling cpu.c...
compiling idle.c...
compiling irq.c...
compiling ipc.c...
assembling context_rvds.S...
compiling stm32f1xx_hal_tim_ex.c...
compiling memheap.c...
compiling mempool.c...
compiling mem.c...
compiling object.c...
compiling slab.c...
compiling timer.c...
compiling cpuport.c...
compiling kservice.c...
compiling finsh_port.c...
compiling thread.c...
compiling scheduler.c...
compiling stm32f1xx_hal_uart.c...
compiling board.c...
compiling cmd.c...
compiling shell.c...
compiling msh.c...
compiling stm32f1xx_hal_tim.c...
compiling easyflash.c...
compiling gn_controller.c...
compiling RGB.c...
compiling jsonUtil.c...
compiling ef_utils.c...
compiling ef_port.c...
compiling ef_env.c...
compiling cJSON.c...
linking...
GNVEDA_TERMINAL\GNVEDA_TERMINAL.axf: Error: L6406E: No space in execution regions with .ANY selector matching _printf_x.o(.ARM.Collect$$_printf_percent$$0000000C).
GNVEDA_TERMINAL\GNVEDA_TERMINAL.axf: Error: L6406E: No space in execution regions with .ANY selector matching heapauxi.o(.text).
GNVEDA_TERMINAL\GNVEDA_TERMINAL.axf: Error: L6406E: No space in execution regions with .ANY selector matching rtexit2.o(.ARM.Collect$$rtexit$$00000004).
GNVEDA_TERMINAL\GNVEDA_TERMINAL.axf: Error: L6406E: No space in execution regions with .ANY selector matching components.o(.rodata.str1.1).
GNVEDA_TERMINAL\GNVEDA_TERMINAL.axf: Error: L6406E: No space in execution regions with .ANY selector matching components.o(.text.rti_start).
GNVEDA_TERMINAL\GNVEDA_TERMINAL.axf: Error: L6406E: No space in execution regions with .ANY selector matching components.o(.text.rti_board_start).
GNVEDA_TERMINAL\GNVEDA_TERMINAL.axf: Error: L6406E: No space in execution regions with .ANY selector matching components.o(.text.rti_board_end).
GNVEDA_TERMINAL\GNVEDA_TERMINAL.axf: Error: L6406E: No space in execution regions with .ANY selector matching components.o(.text.rti_end).
GNVEDA_TERMINAL\GNVEDA_TERMINAL.axf: Error: L6406E: No space in execution regions with .ANY selector matching components.o(.rti_fn.0).
GNVEDA_TERMINAL\GNVEDA_TERMINAL.axf: Error: L6406E: No space in execution regions with .ANY selector matching components.o(.rti_fn.0.end).
GNVEDA_TERMINAL\GNVEDA_TERMINAL.axf: Error: L6406E: No space in execution regions with .ANY selector matching components.o(.rti_fn.1.end).
GNVEDA_TERMINAL\GNVEDA_TERMINAL.axf: Error: L6406E: No space in execution regions with .ANY selector matching components.o(.rti_fn.6.end).
GNVEDA_TERMINAL\GNVEDA_TERMINAL.axf: Error: L6406E: No space in execution regions with .ANY selector matching board.o(.rti_fn.1).
GNVEDA_TERMINAL\GNVEDA_TERMINAL.axf: Error: L6406E: No space in execution regions with .ANY selector matching msh.o(.text.msh_is_used).
GNVEDA_TERMINAL\GNVEDA_TERMINAL.axf: Error: L6406E: No space in execution regions with .ANY selector matching shell.o(.rti_fn.6).
GNVEDA_TERMINAL\GNVEDA_TERMINAL.axf: Error: L6406E: No space in execution regions with .ANY selector matching printf1.o(x$fpl$printf1).
GNVEDA_TERMINAL\GNVEDA_TERMINAL.axf: Error: L6406E: No space in execution regions with .ANY selector matching hguard.o(.text).
GNVEDA_TERMINAL\GNVEDA_TERMINAL.axf: Error: L6406E: No space in execution regions with .ANY selector matching dunder.o(i.__mathlib_dbl_infnan2).
GNVEDA_TERMINAL\GNVEDA_TERMINAL.axf: Error: L6406E: No space in execution regions with .ANY selector matching stm32f1xx_it.o(.text.NMI_Handler).
GNVEDA_TERMINAL\GNVEDA_TERMINAL.axf: Error: L6406E: No space in execution regions with .ANY selector matching stm32f1xx_it.o(.text.MemManage_Handler).
GNVEDA_TERMINAL\GNVEDA_TERMINAL.axf: Error: L6406E: No space in execution regions with .ANY selector matching stm32f1xx_it.o(.text.BusFault_Handler).
GNVEDA_TERMINAL\GNVEDA_TERMINAL.axf: Error: L6406E: No space in execution regions with .ANY selector matching stm32f1xx_it.o(.text.UsageFault_Handler).
GNVEDA_TERMINAL\GNVEDA_TERMINAL.axf: Error: L6406E: No space in execution regions with .ANY selector matching stm32f1xx_it.o(.text.DebugMon_Handler).
GNVEDA_TERMINAL\GNVEDA_TERMINAL.axf: Error: L6406E: No space in execution regions with .ANY selector matching stm32f1xx_hal_rcc.o(.rodata.HAL_RCC_GetSysClockFreq.aPredivFactorTable).
GNVEDA_TERMINAL\GNVEDA_TERMINAL.axf: Error: L6406E: No space in execution regions with .ANY selector matching stm32f1xx_hal_tim.o(.text.HAL_TIM_Base_MspInit).
GNVEDA_TERMINAL\GNVEDA_TERMINAL.axf: Error: L6406E: No space in execution regions with .ANY selector matching stm32f1xx_hal_tim.o(.text.HAL_TIM_IC_CaptureCallback).
GNVEDA_TERMINAL\GNVEDA_TERMINAL.axf: Error: L6406E: No space in execution regions with .ANY selector matching stm32f1xx_hal_tim.o(.text.HAL_TIM_OC_DelayElapsedCallback).
GNVEDA_TERMINAL\GNVEDA_TERMINAL.axf: Error: L6406E: No space in execution regions with .ANY selector matching stm32f1xx_hal_tim.o(.text.HAL_TIM_TriggerCallback).
GNVEDA_TERMINAL\GNVEDA_TERMINAL.axf: Error: L6406E: No space in execution regions with .ANY selector matching stm32f1xx_hal_tim.o(.text.HAL_TIM_PWM_PulseFinishedHalfCpltCallback).
GNVEDA_TERMINAL\GNVEDA_TERMINAL.axf: Error: L6406E: No space in execution regions with .ANY selector matching stm32f1xx_hal_tim.o(.text.HAL_TIM_ErrorCallback).
GNVEDA_TERMINAL\GNVEDA_TERMINAL.axf: Error: L6406E: No space in execution regions with .ANY selector matching stm32f1xx_hal_tim_ex.o(.text.HAL_TIMEx_CommutCallback).
GNVEDA_TERMINAL\GNVEDA_TERMINAL.axf: Error: L6406E: No space in execution regions with .ANY selector matching stm32f1xx_hal_tim_ex.o(.text.HAL_TIMEx_BreakCallback).
GNVEDA_TERMINAL\GNVEDA_TERMINAL.axf: Error: L6406E: No space in execution regions with .ANY selector matching stm32f1xx_hal_uart.o(.text.HAL_UART_ErrorCallback).
GNVEDA_TERMINAL\GNVEDA_TERMINAL.axf: Error: L6406E: No space in execution regions with .ANY selector matching stm32f1xx_hal_uart.o(.text.HAL_UARTEx_RxEventCallback).
GNVEDA_TERMINAL\GNVEDA_TERMINAL.axf: Error: L6406E: No space in execution regions with .ANY selector matching stm32f1xx_hal_uart.o(.text.HAL_UART_TxCpltCallback).
GNVEDA_TERMINAL\GNVEDA_TERMINAL.axf: Error: L6406E: No space in execution regions with .ANY selector matching system_stm32f1xx.o(.text.SystemInit).
GNVEDA_TERMINAL\GNVEDA_TERMINAL.axf: Error: L6406E: No space in execution regions with .ANY selector matching timer.o(.text.rt_system_timer_thread_init).
GNVEDA_TERMINAL\GNVEDA_TERMINAL.axf: Error: L6406E: No space in execution regions with .ANY selector matching ef_port.o(.text.ef_log_debug).
GNVEDA_TERMINAL\GNVEDA_TERMINAL.axf: Error: L6406E: No space in execution regions with .ANY selector matching ef_port.o(.text.ef_port_env_lock).
GNVEDA_TERMINAL\GNVEDA_TERMINAL.axf: Error: L6406E: No space in execution regions with .ANY selector matching ef_port.o(.text.ef_port_env_unlock).
GNVEDA_TERMINAL\GNVEDA_TERMINAL.axf: Error: L6406E: No space in execution regions with .ANY selector matching ef_port.o(.text.ef_log_info).
GNVEDA_TERMINAL\GNVEDA_TERMINAL.axf: Error: L6406E: No space in execution regions with .ANY selector matching ef_port.o(.rodata..L.str.17).
GNVEDA_TERMINAL\GNVEDA_TERMINAL.axf: Error: L6406E: No space in execution regions with .ANY selector matching use_no_semi.o(.text).
GNVEDA_TERMINAL\GNVEDA_TERMINAL.axf: Error: L6406E: No space in execution regions with .ANY selector matching libshutdown2.o(.ARM.Collect$$libshutdown$$00000010).
GNVEDA_TERMINAL\GNVEDA_TERMINAL.axf: Error: L6406E: No space in execution regions with .ANY selector matching usenofp.o(x$fpl$usenofp).
GNVEDA_TERMINAL\GNVEDA_TERMINAL.axf: Error: L6406E: No space in execution regions with .ANY selector matching maybetermalloc1.o(.text).
GNVEDA_TERMINAL\GNVEDA_TERMINAL.axf: Error: L6406E: No space in execution regions with .ANY selector matching indicate_semi.o(.text).
GNVEDA_TERMINAL\GNVEDA_TERMINAL.axf: Error: L6407E: Sections of aggregate size 0xd8 bytes could not fit into .ANY selector(s).
Not enough information to list image symbols.
Not enough information to list load addresses in the image map.
Finished: 2 information, 0 warning and 48 error messages.
"GNVEDA_TERMINAL\GNVEDA_TERMINAL.axf" - 48 Error(s), 0 Warning(s).
Target not created.
Build Time Elapsed:  00:00:04
