*** Using Compiler 'V6.18', folder: 'D:\software\Keil_v5\ARM\ARMCLANG\Bin'
Rebuild target 'GN_TERMINAL_PLUS'
compiling gpio.c...
assembling startup_stm32f401xc.s...
compiling stm32f4xx_hal_msp.c...
compiling dma.c...
compiling usart.c...
compiling stm32f4xx_hal_flash_ramfunc.c...
compiling main.c...
compiling stm32f4xx_it.c...
compiling stm32f4xx_hal_gpio.c...
compiling stm32f4xx_hal_flash_ex.c...
compiling tim.c...
compiling stm32f4xx_hal_timebase_tim.c...
compiling stm32f4xx_hal_rcc.c...
compiling stm32f4xx_hal_rcc_ex.c...
compiling stm32f4xx_hal_flash.c...
compiling stm32f4xx_hal_pwr.c...
compiling stm32f4xx_hal_dma_ex.c...
compiling stm32f4xx_hal_pwr_ex.c...
compiling cpu.c...
compiling stm32f4xx_hal_dma.c...
compiling clock.c...
compiling system_stm32f4xx.c...
compiling stm32f4xx_hal.c...
compiling components.c...
compiling stm32f4xx_hal_exti.c...
compiling stm32f4xx_hal_cortex.c...
assembling context_rvds.S...
compiling stm32f4xx_hal_tim_ex.c...
compiling irq.c...
compiling idle.c...
compiling ipc.c...
compiling memheap.c...
compiling mempool.c...
compiling slab.c...
compiling mem.c...
compiling object.c...
compiling thread.c...
compiling timer.c...
compiling stm32f4xx_hal_uart.c...
compiling scheduler.c...
compiling cpuport.c...
compiling board.c...
compiling easyflash.c...
compiling gn_controller.c...
compiling kservice.c...
compiling ef_utils.c...
compiling stm32f4xx_hal_tim.c...
compiling jsonUtil.c...
compiling ef_port.c...
compiling finsh_port.c...
compiling RGB.c...
compiling cmd.c...
compiling msh.c...
compiling shell.c...
compiling ef_env.c...
compiling cJSON.c...
linking...
Program Size: Code=45120 RO-data=4808 RW-data=92 ZI-data=29260  
FromELF: creating hex file...
"GN_TERMINAL_PLUS\GN_TERMINAL_PLUS.axf" - 0 Error(s), 0 Warning(s).
Build Time Elapsed:  00:00:04
